[    0.000000] Linux version 4.15.0-142-generic (buildd@lgw01-amd64-036) (gcc version 7.5.0 (Ubuntu 7.5.0-3ubuntu1~18.04)) #146-Ubuntu SMP Tue Apr 13 01:11:19 UTC 2021 (Ubuntu 4.15.0-142.146-generic 4.15.18)
[    0.000000] Command line: BOOT_IMAGE=/boot/vmlinuz-4.15.0-142-generic root=LABEL=cloudimg-rootfs ro console=tty1 console=ttyS0
[    0.000000] KERNEL supported cpus:
[    0.000000]   Intel GenuineIntel
[    0.000000]   AMD AuthenticAMD
[    0.000000]   Centaur CentaurHauls
[    0.000000] x86/fpu: Supporting XSAVE feature 0x001: 'x87 floating point registers'
[    0.000000] x86/fpu: Supporting XSAVE feature 0x002: 'SSE registers'
[    0.000000] x86/fpu: Supporting XSAVE feature 0x004: 'AVX registers'
[    0.000000] x86/fpu: xstate_offset[2]:  576, xstate_sizes[2]:  256
[    0.000000] x86/fpu: Enabled xstate features 0x7, context size is 832 bytes, using 'standard' format.
[    0.000000] e820: BIOS-provided physical RAM map:
[    0.000000] BIOS-e820: [mem 0x0000000000000000-0x000000000009fbff] usable
[    0.000000] BIOS-e820: [mem 0x000000000009fc00-0x000000000009ffff] reserved
[    0.000000] BIOS-e820: [mem 0x00000000000f0000-0x00000000000fffff] reserved
[    0.000000] BIOS-e820: [mem 0x0000000000100000-0x000000003ffeffff] usable
[    0.000000] BIOS-e820: [mem 0x000000003fff0000-0x000000003fffffff] ACPI data
[    0.000000] BIOS-e820: [mem 0x00000000fec00000-0x00000000fec00fff] reserved
[    0.000000] BIOS-e820: [mem 0x00000000fee00000-0x00000000fee00fff] reserved
[    0.000000] BIOS-e820: [mem 0x00000000fffc0000-0x00000000ffffffff] reserved
[    0.000000] NX (Execute Disable) protection: active
[    0.000000] SMBIOS 2.5 present.
[    0.000000] DMI: innotek GmbH VirtualBox/VirtualBox, BIOS VirtualBox 12/01/2006
[    0.000000] Hypervisor detected: KVM
[    0.000000] e820: last_pfn = 0x3fff0 max_arch_pfn = 0x400000000
[    0.000000] MTRR: Disabled
[    0.000000] x86/PAT: MTRRs disabled, skipping PAT initialization too.
[    0.000000] CPU MTRRs all blank - virtualized system.
[    0.000000] x86/PAT: Configuration [0-7]: WB  WT  UC- UC  WB  WT  UC- UC  
[    0.000000] found SMP MP-table at [mem 0x0009fff0-0x0009ffff]
[    0.000000] Scanning 1 areas for low memory corruption
[    0.000000] RAMDISK: [mem 0x359cd000-0x36cddfff]
[    0.000000] ACPI: Early table checksum verification disabled
[    0.000000] ACPI: RSDP 0x00000000000E0000 000024 (v02 VBOX  )
[    0.000000] ACPI: XSDT 0x000000003FFF0030 00003C (v01 VBOX   VBOXXSDT 00000001 ASL  00000061)
[    0.000000] ACPI: FACP 0x000000003FFF00F0 0000F4 (v04 VBOX   VBOXFACP 00000001 ASL  00000061)
[    0.000000] ACPI: DSDT 0x000000003FFF0470 002325 (v02 VBOX   VBOXBIOS 00000002 INTL 20100528)
[    0.000000] ACPI: FACS 0x000000003FFF0200 000040
[    0.000000] ACPI: FACS 0x000000003FFF0200 000040
[    0.000000] ACPI: APIC 0x000000003FFF0240 00005C (v02 VBOX   VBOXAPIC 00000001 ASL  00000061)
[    0.000000] ACPI: SSDT 0x000000003FFF02A0 0001CC (v01 VBOX   VBOXCPUT 00000002 INTL 20100528)
[    0.000000] No NUMA configuration found
[    0.000000] Faking a node at [mem 0x0000000000000000-0x000000003ffeffff]
[    0.000000] NODE_DATA(0) allocated [mem 0x3ffc5000-0x3ffeffff]
[    0.000000] kvm-clock: cpu 0, msr 0:3ff44001, primary cpu clock
[    0.000000] kvm-clock: Using msrs 4b564d01 and 4b564d00
[    0.000000] kvm-clock: using sched offset of 7480611413 cycles
[    0.000000] clocksource: kvm-clock: mask: 0xffffffffffffffff max_cycles: 0x1cd42e4dffb, max_idle_ns: 881590591483 ns
[    0.000000] Zone ranges:
[    0.000000]   DMA      [mem 0x0000000000001000-0x0000000000ffffff]
[    0.000000]   DMA32    [mem 0x0000000001000000-0x000000003ffeffff]
[    0.000000]   Normal   empty
[    0.000000]   Device   empty
[    0.000000] Movable zone start for each node
[    0.000000] Early memory node ranges
[    0.000000]   node   0: [mem 0x0000000000001000-0x000000000009efff]
[    0.000000]   node   0: [mem 0x0000000000100000-0x000000003ffeffff]
[    0.000000] Reserved but unavailable: 98 pages
[    0.000000] Initmem setup node 0 [mem 0x0000000000001000-0x000000003ffeffff]
[    0.000000] ACPI: PM-Timer IO Port: 0x4008
[    0.000000] IOAPIC[0]: apic_id 2, version 32, address 0xfec00000, GSI 0-23
[    0.000000] ACPI: INT_SRC_OVR (bus 0 bus_irq 0 global_irq 2 dfl dfl)
[    0.000000] ACPI: INT_SRC_OVR (bus 0 bus_irq 9 global_irq 9 low level)
[    0.000000] Using ACPI (MADT) for SMP configuration information
[    0.000000] smpboot: Allowing 2 CPUs, 0 hotplug CPUs
[    0.000000] PM: Registered nosave memory: [mem 0x00000000-0x00000fff]
[    0.000000] PM: Registered nosave memory: [mem 0x0009f000-0x0009ffff]
[    0.000000] PM: Registered nosave memory: [mem 0x000a0000-0x000effff]
[    0.000000] PM: Registered nosave memory: [mem 0x000f0000-0x000fffff]
[    0.000000] e820: [mem 0x40000000-0xfebfffff] available for PCI devices
[    0.000000] Booting paravirtualized kernel on KVM
[    0.000000] clocksource: refined-jiffies: mask: 0xffffffff max_cycles: 0xffffffff, max_idle_ns: 7645519600211568 ns
[    0.000000] random: get_random_bytes called from start_kernel+0x99/0x500 with crng_init=0
[    0.000000] setup_percpu: NR_CPUS:8192 nr_cpumask_bits:2 nr_cpu_ids:2 nr_node_ids:1
[    0.000000] percpu: Embedded 45 pages/cpu s147456 r8192 d28672 u1048576
[    0.000000] PV qspinlock hash table entries: 256 (order: 0, 4096 bytes)
[    0.000000] Built 1 zonelists, mobility grouping on.  Total pages: 257913
[    0.000000] Policy zone: DMA32
[    0.000000] Kernel command line: BOOT_IMAGE=/boot/vmlinuz-4.15.0-142-generic root=LABEL=cloudimg-rootfs ro console=tty1 console=ttyS0
[    0.000000] Memory: 982716K/1048120K available (12300K kernel code, 2483K rwdata, 4316K rodata, 2444K init, 2724K bss, 65404K reserved, 0K cma-reserved)
[    0.000000] SLUB: HWalign=64, Order=0-3, MinObjects=0, CPUs=2, Nodes=1
[    0.000000] Kernel/User page tables isolation: enabled
[    0.000000] ftrace: allocating 39434 entries in 155 pages
[    0.004000] Hierarchical RCU implementation.
[    0.004000] 	RCU restricting CPUs from NR_CPUS=8192 to nr_cpu_ids=2.
[    0.004000] 	Tasks RCU enabled.
[    0.004000] RCU: Adjusting geometry for rcu_fanout_leaf=16, nr_cpu_ids=2
[    0.004000] NR_IRQS: 524544, nr_irqs: 440, preallocated irqs: 16
[    0.004000] Console: colour VGA+ 80x25
[    0.004000] console [tty1] enabled
[    0.004000] console [ttyS0] enabled
[    0.004000] ACPI: Core revision 20170831
[    0.004000] ACPI: 2 ACPI AML tables successfully acquired and loaded
[    0.004000] APIC: Switch to symmetric I/O mode setup
[    0.004000] x2apic enabled
[    0.004009] Switched APIC routing to physical x2apic.
[    0.008000] ..TIMER: vector=0x30 apic1=0 pin1=2 apic2=-1 pin2=-1
[    0.008004] tsc: Detected 2394.456 MHz processor
[    0.009697] Calibrating delay loop (skipped) preset value.. 4788.91 BogoMIPS (lpj=9577824)
[    0.012003] pid_max: default: 32768 minimum: 301
[    0.013742] Security Framework initialized
[    0.016003] Yama: becoming mindful.
[    0.017449] AppArmor: AppArmor initialized
[    0.028092] Dentry cache hash table entries: 131072 (order: 8, 1048576 bytes)
[    0.032108] Inode-cache hash table entries: 65536 (order: 7, 524288 bytes)
[    0.034538] Mount-cache hash table entries: 2048 (order: 2, 16384 bytes)
[    0.036009] Mountpoint-cache hash table entries: 2048 (order: 2, 16384 bytes)
[    0.040668] Last level iTLB entries: 4KB 1024, 2MB 1024, 4MB 1024
[    0.043006] Last level dTLB entries: 4KB 1024, 2MB 1024, 4MB 1024, 1GB 4
[    0.044003] Spectre V1 : Mitigation: usercopy/swapgs barriers and __user pointer sanitization
[    0.048004] Spectre V2 : Mitigation: Full generic retpoline
[    0.050087] Spectre V2 : Spectre v2 / SpectreRSB mitigation: Filling RSB on context switch
[    0.052003] Speculative Store Bypass: Vulnerable
[    0.053874] MDS: Vulnerable: Clear CPU buffers attempted, no microcode
[    0.056415] Freeing SMP alternatives memory: 36K
[    0.171313] smpboot: CPU0: Intel(R) Xeon(R) CPU E5-2620 v3 @ 2.40GHz (family: 0x6, model: 0x3f, stepping: 0x2)
[    0.172000] Performance Events: unsupported p6 CPU model 63 no PMU driver, software events only.
[    0.172047] Hierarchical SRCU implementation.
[    0.177068] NMI watchdog: Perf event create on CPU 0 failed with -2
[    0.180003] NMI watchdog: Perf NMI watchdog permanently disabled
[    0.184075] smp: Bringing up secondary CPUs ...
[    0.185873] x86: Booting SMP configuration:
[    0.188015] .... node  #0, CPUs:      #1
[    0.004000] kvm-clock: cpu 1, msr 0:3ff44041, secondary cpu clock
[    0.192022] smp: Brought up 1 node, 2 CPUs
[    0.193692] smpboot: Max logical packages: 1
[    0.196006] smpboot: Total of 2 processors activated (9577.82 BogoMIPS)
[    0.198623] devtmpfs: initialized
[    0.200106] x86/mm: Memory block size: 128MB
[    0.202119] evm: security.selinux
[    0.204005] evm: security.SMACK64
[    0.205446] evm: security.SMACK64EXEC
[    0.207021] evm: security.SMACK64TRANSMUTE
[    0.208003] evm: security.SMACK64MMAP
[    0.209481] evm: security.apparmor
[    0.210802] evm: security.ima
[    0.212003] evm: security.capability
[    0.213636] clocksource: jiffies: mask: 0xffffffff max_cycles: 0xffffffff, max_idle_ns: 7645041785100000 ns
[    0.216016] futex hash table entries: 512 (order: 3, 32768 bytes)
[    0.228019] pinctrl core: initialized pinctrl subsystem
[    0.232262] RTC time: 18:04:07, date: 05/12/21
[    0.234343] NET: Registered protocol family 16
[    0.236324] audit: initializing netlink subsys (disabled)
[    0.240342] audit: type=2000 audit(1620842656.292:1): state=initialized audit_enabled=0 res=1
[    0.243553] cpuidle: using governor ladder
[    0.244002] cpuidle: using governor menu
[    0.244118] ACPI: bus type PCI registered
[    0.245576] acpiphp: ACPI Hot Plug PCI Controller Driver version: 0.5
[    0.248044] PCI: Using configuration type 1 for base access
[    0.256034] HugeTLB registered 2.00 MiB page size, pre-allocated 0 pages
[    0.256071] ACPI: Added _OSI(Module Device)
[    0.260003] ACPI: Added _OSI(Processor Device)
[    0.260010] ACPI: Added _OSI(3.0 _SCP Extensions)
[    0.261810] ACPI: Added _OSI(Processor Aggregator Device)
[    0.264017] ACPI: Added _OSI(Linux-Dell-Video)
[    0.265755] ACPI: Added _OSI(Linux-Lenovo-NV-HDMI-Audio)
[    0.268004] ACPI: Added _OSI(Linux-HPI-Hybrid-Graphics)
[    0.270473] ACPI: Executed 1 blocks of module-level executable AML code
[    0.287927] ACPI: Interpreter enabled
[    0.288034] ACPI: (supports S0 S5)
[    0.289415] ACPI: Using IOAPIC for interrupt routing
[    0.292610] PCI: Using host bridge windows from ACPI; if necessary, use "pci=nocrs" and report a bug
[    0.296561] ACPI: Enabled 2 GPEs in block 00 to 07
[    0.320162] ACPI: PCI Root Bridge [PCI0] (domain 0000 [bus 00-ff])
[    0.322517] acpi PNP0A03:00: _OSC: OS supports [ASPM ClockPM Segments MSI]
[    0.326184] acpi PNP0A03:00: _OSC: not requesting OS control; OS requires [ExtendedConfig ASPM ClockPM MSI]
[    0.328026] acpi PNP0A03:00: fail to add MMCONFIG information, can't access extended PCI configuration space under this bridge.
[    0.336319] PCI host bridge to bus 0000:00
[    0.337887] pci_bus 0000:00: root bus resource [io  0x0000-0x0cf7 window]
[    0.340000] pci_bus 0000:00: root bus resource [io  0x0d00-0xffff window]
[    0.344006] pci_bus 0000:00: root bus resource [mem 0x000a0000-0x000bffff window]
[    0.344006] pci_bus 0000:00: root bus resource [mem 0x40000000-0xfdffffff window]
[    0.348004] pci_bus 0000:00: root bus resource [bus 00-ff]
[    0.355532] pci 0000:00:01.1: legacy IDE quirk: reg 0x10: [io  0x01f0-0x01f7]
[    0.360006] pci 0000:00:01.1: legacy IDE quirk: reg 0x14: [io  0x03f6]
[    0.362591] pci 0000:00:01.1: legacy IDE quirk: reg 0x18: [io  0x0170-0x0177]
[    0.364004] pci 0000:00:01.1: legacy IDE quirk: reg 0x1c: [io  0x0376]
[    0.387900] pci 0000:00:07.0: quirk: [io  0x4000-0x403f] claimed by PIIX4 ACPI
[    0.388047] pci 0000:00:07.0: quirk: [io  0x4100-0x410f] claimed by PIIX4 SMB
[    0.408721] ACPI: PCI Interrupt Link [LNKA] (IRQs 5 9 10 *11)
[    0.413077] ACPI: PCI Interrupt Link [LNKB] (IRQs 5 9 *10 11)
[    0.415736] ACPI: PCI Interrupt Link [LNKC] (IRQs 5 *9 10 11)
[    0.424400] ACPI: PCI Interrupt Link [LNKD] (IRQs 5 9 10 *11)
[    0.424822] SCSI subsystem initialized
[    0.428113] pci 0000:00:02.0: vgaarb: setting as boot VGA device
[    0.430474] pci 0000:00:02.0: vgaarb: VGA device added: decodes=io+mem,owns=io+mem,locks=none
[    0.432008] pci 0000:00:02.0: vgaarb: bridge control possible
[    0.434262] vgaarb: loaded
[    0.436070] ACPI: bus type USB registered
[    0.437753] usbcore: registered new interface driver usbfs
[    0.440022] usbcore: registered new interface driver hub
[    0.442154] usbcore: registered new device driver usb
[    0.444066] EDAC MC: Ver: 3.0.0
[    0.448041] PCI: Using ACPI for IRQ routing
[    0.450338] NetLabel: Initializing
[    0.451774] NetLabel:  domain hash size = 128
[    0.452003] NetLabel:  protocols = UNLABELED CIPSOv4 CALIPSO
[    0.454273] NetLabel:  unlabeled traffic allowed by default
[    0.460200] clocksource: Switched to clocksource kvm-clock
[    0.565387] VFS: Disk quotas dquot_6.6.0
[    0.567192] VFS: Dquot-cache hash table entries: 512 (order 0, 4096 bytes)
[    0.570037] AppArmor: AppArmor Filesystem Enabled
[    0.571897] pnp: PnP ACPI init
[    0.576373] pnp: PnP ACPI: found 3 devices
[    0.585155] clocksource: acpi_pm: mask: 0xffffff max_cycles: 0xffffff, max_idle_ns: 2085701024 ns
[    0.588835] NET: Registered protocol family 2
[    0.590780] TCP established hash table entries: 8192 (order: 4, 65536 bytes)
[    0.593428] TCP bind hash table entries: 8192 (order: 5, 131072 bytes)
[    0.617716] TCP: Hash tables configured (established 8192 bind 8192)
[    0.620274] UDP hash table entries: 512 (order: 2, 16384 bytes)
[    0.622407] UDP-Lite hash table entries: 512 (order: 2, 16384 bytes)
[    0.624782] NET: Registered protocol family 1
[    0.626589] pci 0000:00:00.0: Limiting direct PCI/PCI transfers
[    0.628960] pci 0000:00:01.0: Activating ISA DMA hang workarounds
[    0.631406] pci 0000:00:02.0: Video device with shadowed ROM at [mem 0x000c0000-0x000dffff]
[    0.635131] Unpacking initramfs...
[    1.926647] Freeing initrd memory: 19524K
[    1.928096] clocksource: tsc: mask: 0xffffffffffffffff max_cycles: 0x2283c236f90, max_idle_ns: 440795217409 ns
[    1.932647] platform rtc_cmos: registered platform RTC device (no PNP device found)
[    1.937349] Scanning for low memory corruption every 60 seconds
[    1.941034] Initialise system trusted keyrings
[    1.942900] Key type blacklist registered
[    1.944705] workingset: timestamp_bits=36 max_order=18 bucket_order=0
[    1.950489] zbud: loaded
[    1.952856] squashfs: version 4.0 (2009/01/31) Phillip Lougher
[    1.955441] fuse init (API version 7.26)
[    1.960943] Key type asymmetric registered
[    1.962629] Asymmetric key parser 'x509' registered
[    1.964730] Block layer SCSI generic (bsg) driver version 0.4 loaded (major 246)
[    1.968114] io scheduler noop registered
[    1.969792] io scheduler deadline registered
[    1.971563] io scheduler cfq registered (default)
[    1.973796] ACPI: AC Adapter [AC] (on-line)
[    1.975591] input: Power Button as /devices/LNXSYSTM:00/LNXPWRBN:00/input/input0
[    1.978605] ACPI: Power Button [PWRF]
[    1.980121] input: Sleep Button as /devices/LNXSYSTM:00/LNXSLPBN:00/input/input1
[    1.982972] ACPI: Sleep Button [SLPF]
[    1.984922] Serial: 8250/16550 driver, 32 ports, IRQ sharing enabled
[    2.008807] 00:02: ttyS0 at I/O 0x3f8 (irq = 4, base_baud = 115200) is a 16550A
[    2.016021] Linux agpgart interface v0.103
[    2.019998] loop: module loaded
[    2.022523] scsi host0: ata_piix
[    2.024162] scsi host1: ata_piix
[    2.025682] ata1: PATA max UDMA/33 cmd 0x1f0 ctl 0x3f6 bmdma 0xd000 irq 14
[    2.028148] ata2: PATA max UDMA/33 cmd 0x170 ctl 0x376 bmdma 0xd008 irq 15
[    2.031016] libphy: Fixed MDIO Bus: probed
[    2.032882] tun: Universal TUN/TAP device driver, 1.6
[    2.034938] PPP generic driver version 2.4.2
[    2.036945] ehci_hcd: USB 2.0 'Enhanced' Host Controller (EHCI) Driver
[    2.039727] ehci-pci: EHCI PCI platform driver
[    2.041684] ehci-platform: EHCI generic platform driver
[    2.043812] ohci_hcd: USB 1.1 'Open' Host Controller (OHCI) Driver
[    2.046280] ohci-pci: OHCI PCI platform driver
[    2.048217] ohci-platform: OHCI generic platform driver
[    2.050366] uhci_hcd: USB Universal Host Controller Interface driver
[    2.053069] i8042: PNP: PS/2 Controller [PNP0303:PS2K,PNP0f03:PS2M] at 0x60,0x64 irq 1,12
[    2.057327] serio: i8042 KBD port at 0x60,0x64 irq 1
[    2.059588] serio: i8042 AUX port at 0x60,0x64 irq 12
[    2.061853] mousedev: PS/2 mouse device common for all mice
[    2.064677] input: AT Translated Set 2 keyboard as /devices/platform/i8042/serio0/input/input2
[    2.069026] rtc_cmos rtc_cmos: rtc core: registered rtc_cmos as rtc0
[    2.071655] rtc_cmos rtc_cmos: alarms up to one day, 114 bytes nvram
[    2.074116] i2c /dev entries driver
[    2.075748] device-mapper: uevent: version 1.0.3
[    2.077796] device-mapper: ioctl: 4.37.0-ioctl (2017-09-20) initialised: dm-devel@redhat.com
[    2.081358] ledtrig-cpu: registered to indicate activity on CPUs
[    2.084631] NET: Registered protocol family 10
[    2.092721] Segment Routing with IPv6
[    2.094454] NET: Registered protocol family 17
[    2.096506] Key type dns_resolver registered
[    2.098627] mce: Using 0 MCE banks
[    2.100226] RAS: Correctable Errors collector initialized.
[    2.102489] sched_clock: Marking stable (2102454425, 0)->(2567455202, -465000777)
[    2.106214] registered taskstats version 1
[    2.107998] Loading compiled-in X.509 certificates
[    2.115031] Loaded X.509 cert 'Build time autogenerated kernel key: 028139f94c642d40642d50ab098c4e7b0aebaa81'
[    2.120211] Loaded X.509 cert 'Canonical Ltd. Live Patch Signing: 14df34d1a87cf37625abec039ef2bf521249b969'
[    2.125168] Loaded X.509 cert 'Canonical Ltd. Kernel Module Signing: 88f752e560a1e0737e31163a466ad7b70a850c19'
[    2.128860] zswap: loaded using pool lzo/zbud
[    2.135744] Key type big_key registered
[    2.137458] Key type trusted registered
[    2.141502] Key type encrypted registered
[    2.143185] AppArmor: AppArmor sha1 policy hashing enabled
[    2.145528] ima: No TPM chip found, activating TPM-bypass! (rc=-19)
[    2.148036] ima: Allocated hash algorithm: sha1
[    2.149972] evm: HMAC attrs: 0x1
[    2.151843]   Magic number: 5:318:89
[    2.153580] rtc_cmos rtc_cmos: setting system clock to 2021-05-12 18:04:09 UTC (1620842649)
[    2.157225] BIOS EDD facility v0.16 2004-Jun-25, 0 devices found
[    2.159720] EDD information not available.
[    2.229329] Freeing unused kernel image memory: 2444K
[    2.240402] Write protecting the kernel read-only data: 20480k
[    2.244177] Freeing unused kernel image memory: 2008K
[    2.246647] Freeing unused kernel image memory: 1828K
[    2.287265] x86/mm: Checked W+X mappings: passed, no W+X pages found.
[    2.289599] x86/mm: Checking user space page tables
[    2.330870] x86/mm: Checked W+X mappings: passed, no W+X pages found.
Loading, please wait...
starting version 237
[    2.486808] e1000: Intel(R) PRO/1000 Network Driver - version 7.3.21-k8-NAPI
[    2.489480] e1000: Copyright (c) 1999-2006 Intel Corporation.
[    2.492714] Fusion MPT base driver 3.04.20
[    2.494301] Copyright (c) 1999-2008 LSI Corporation
[    2.546853] AVX2 version of gcm_enc/dec engaged.
[    2.548885] AES CTR mode by8 optimization enabled
[    2.574592] Fusion MPT SPI Host driver 3.04.20
[    2.769239] input: ImExPS/2 Generic Explorer Mouse as /devices/platform/i8042/serio1/input/input4
[    3.011522] e1000 0000:00:03.0 eth0: (PCI:33MHz:32-bit) 02:d3:71:11:39:e1
[    3.013993] e1000 0000:00:03.0 eth0: Intel(R) PRO/1000 Network Connection
[    3.624004] e1000 0000:00:08.0 eth1: (PCI:33MHz:32-bit) 08:00:27:78:ba:c2
[    3.626590] e1000 0000:00:08.0 eth1: Intel(R) PRO/1000 Network Connection
[    3.631438] e1000 0000:00:03.0 enp0s3: renamed from eth0
[    3.640516] mptbase: ioc0: Initiating bringup
[    3.654697] e1000 0000:00:08.0 enp0s8: renamed from eth1
[    3.744974] ioc0: LSI53C1030 A0: Capabilities={Initiator}
[    3.990748] scsi host2: ioc0: LSI53C1030 A0, FwRev=00000000h, Ports=1, MaxQ=256, IRQ=20
[    4.160978] scsi 2:0:0:0: Direct-Access     VBOX     HARDDISK         1.0  PQ: 0 ANSI: 5
[    4.200032] scsi target2:0:0: Beginning Domain Validation
[    4.203207] scsi target2:0:0: Domain Validation skipping write tests
[    4.205590] scsi target2:0:0: Ending Domain Validation
[    4.207797] scsi target2:0:0: asynchronous
[    4.210227] scsi 2:0:1:0: Direct-Access     VBOX     HARDDISK         1.0  PQ: 0 ANSI: 5
[    4.244126] scsi target2:0:1: Beginning Domain Validation
[    4.246977] random: fast init done
[    4.249244] scsi target2:0:1: Domain Validation skipping write tests
[    4.251768] scsi target2:0:1: Ending Domain Validation
[    4.254039] scsi target2:0:1: asynchronous
[    4.263050] random: systemd-udevd: uninitialized urandom read (16 bytes read)
[    4.265842] random: systemd-udevd: uninitialized urandom read (16 bytes read)
[    4.268613] random: systemd-udevd: uninitialized urandom read (16 bytes read)
[    4.271769] sd 2:0:0:0: Attached scsi generic sg0 type 0
[    4.274179] sd 2:0:0:0: [sda] 83886080 512-byte logical blocks: (42.9 GB/40.0 GiB)
[    4.277475] sd 2:0:0:0: [sda] Write Protect is off
[    4.280508] sd 2:0:0:0: [sda] Incomplete mode parameter data
[    4.280965] sd 2:0:1:0: [sdb] 20480 512-byte logical blocks: (10.5 MB/10.0 MiB)
[    4.282762] sd 2:0:0:0: [sda] Assuming drive cache: write through
[    4.289214] sd 2:0:1:0: [sdb] Write Protect is off
[    4.294304] sd 2:0:1:0: Attached scsi generic sg1 type 0
[    4.296593] sd 2:0:1:0: [sdb] Incomplete mode parameter data
[    4.298823] sd 2:0:1:0: [sdb] Assuming drive cache: write through
[    4.384879]  sda: sda1
[    4.387110] sd 2:0:0:0: [sda] Attached SCSI disk
[    4.418335] sd 2:0:1:0: [sdb] Attached SCSI disk
Begin: Loading essential drivers ... [    6.920052] raid6: sse2x1   gen()  2160 MB/s
[    6.968135] raid6: sse2x1   xor()  1479 MB/s
[    7.016106] raid6: sse2x2   gen()  4646 MB/s
[    7.064187] raid6: sse2x2   xor()  2509 MB/s
[    7.112251] raid6: sse2x4   gen()  5827 MB/s
[    7.160204] raid6: sse2x4   xor()  3389 MB/s
[    7.208159] raid6: avx2x1   gen()  4882 MB/s
[    7.256165] raid6: avx2x1   xor()  2613 MB/s
[    7.304158] raid6: avx2x2   gen()  8963 MB/s
[    7.352368] raid6: avx2x2   xor()  4809 MB/s
[    7.400150] raid6: avx2x4   gen() 12346 MB/s
[    7.448016] raid6: avx2x4   xor()  6402 MB/s
[    7.449759] raid6: using algorithm avx2x4 gen() 12346 MB/s
[    7.451710] raid6: .... xor() 6402 MB/s, rmw enabled
[    7.453575] raid6: using avx2x2 recovery algorithm
[    7.457303] xor: automatically using best checksumming function   avx       
[    7.461607] async_tx: api initialized (async)
done.
Begin: Running /scripts/init-premount ... done.
Begin: Mounting root file system ... Begin: Running /scripts/local-top ... done.
Begin: Running /scripts/local-premount ... [    7.577179] Btrfs loaded, crc32c=crc32c-intel
Scanning for Btrfs filesystems
done.
Warning: fsck not present, so skipping root file system
[    7.867141] EXT4-fs (sda1): mounted filesystem with ordered data mode. Opts: (null)
done.
Begin: Running /scripts/local-bottom ... done.
Begin: Running /scripts/init-bottom ... done.
[    9.479165] random: crng init done
[    9.480519] random: 7 urandom warning(s) missed due to ratelimiting
[   10.390147] ip_tables: (C) 2000-2006 Netfilter Core Team
[   10.671653] systemd[1]: systemd 237 running in system mode. (+PAM +AUDIT +SELINUX +IMA +APPARMOR +SMACK +SYSVINIT +UTMP +LIBCRYPTSETUP +GCRYPT +GNUTLS +ACL +XZ +LZ4 +SECCOMP +BLKID +ELFUTILS +KMOD -IDN2 +IDN -PCRE2 default-hierarchy=hybrid)
[   10.679791] systemd[1]: Detected virtualization oracle.
[   10.681763] systemd[1]: Detected architecture x86-64.

Welcome to [1mUbuntu 18.04.5 LTS[0m!

[   10.816003] systemd[1]: Set hostname to <ubuntu>.
[   10.902193] systemd[1]: Initializing machine ID from random generator.
[   10.904940] systemd[1]: Installed transient /etc/machine-id file.
[   14.650332] systemd[1]: Reached target Swap.
[[0;32m  OK  [0m] Reached target Swap.
[   14.656270] systemd[1]: Created slice System Slice.
[[0;32m  OK  [0m] Created slice System Slice.
[   14.659634] systemd[1]: Listening on LVM2 metadata daemon socket.
[[0;32m  OK  [0m] Listening on LVM2 metadata daemon socket.
[   14.663602] systemd[1]: Listening on Journal Audit Socket.
[[0;32m  OK  [0m] Listening on Journal Audit Socket.
[[0;32m  OK  [0m] Listening on udev Kernel Socket.
[[0;32m  OK  [0m] Listening on Network Service Netlink Socket.
[[0;32m  OK  [0m] Listening on Journal Socket (/dev/log).
[[0;32m  OK  [0m] Set up automount Arbitrary Executab…rmats File System Automount Point.
[[0;32m  OK  [0m] Created slice User and Session Slice.
[[0;32m  OK  [0m] Listening on Journal Socket.
         Mounting POSIX Message Queue File System...
         Starting Uncomplicated firewall...
         Starting Create list of required st…ce nodes for the current kernel...
[[0;32m  OK  [0m] Listening on Device-mapper event daemon FIFOs.
         Starting Monitoring of LVM2 mirrors…ng dmeventd or progress polling...
         Starting Set the console keyboard layout...
         Mounting Kernel Debug File System...
[[0;32m  OK  [0m] Listening on Syslog Socket.
         Mounting Huge Pages File System...
[[0;32m  OK  [0m] Started Forward Password Requests to Wall Directory Watch.
[[0;32m  OK  [0m] Reached target System Time Synchronized.
[[0;32m  OK  [0m] Reached target User and Group Name Lookups.
[[0;32m  OK  [0m] Listening on fsck to fsckd communication Socket.
         Starting File System Check on Root Device...
[[0;32m  OK  [0m] Listening on /dev/initctl Compatibility Named Pipe.
         Starting Journal Service...
[[0;32m  OK  [0m] Listening on LVM2 poll daemon socket.
[[0;32m  OK  [0m] Reached target Slices.
[[0;32m  OK  [0m] Listening on udev Control Socket.
         Starting udev Coldplug all Devices...
         Starting Load Kernel Modules...
[[0;32m  OK  [0m] Created slice system-serial\x2dgetty.slice.
[[0;32m  OK  [0m] Mounted POSIX Message Queue File System.
[[0;32m  OK  [0m] Started Create list of required sta…vice nodes for the current kernel.
[[0;32m  OK  [0m] Mounted Kernel Debug File System.
[[0;32m  OK  [0m] Mounted Huge Pages File System.
[[0;32m  OK  [0m] Started File System Check Daemon to report status.
         Starting Create Static Device Nodes in /dev...
[[0;32m  OK  [0m] Started Uncomplicated firewall.
[[0;32m  OK  [0m] Started Journal Service.
[[0;32m  OK  [0m] Started udev Coldplug all Devices.
[[0;32m  OK  [0m] Started File System Check on Root Device.
         Starting Remount Root and Kernel File Systems...
[[0;32m  OK  [0m] Started Create Static Device Nodes in /dev.
[   16.386481] Loading iSCSI transport class v2.0-870.
[   16.404788] iscsi: registered transport (tcp)
[[0;32m  OK  [0m] Started Set the console keyboard layout.
[   16.501181] EXT4-fs (sda1): re-mounted. Opts: (null)
[[0;32m  OK  [0m] Started Remount Root and Kernel File Systems.
         Starting Load/Save Random Seed...
         Starting Flush Journal to Persistent Storage...
         Starting udev Kernel Device Manager...
[[0;32m  OK  [0m] Started Load/Save Random Seed.
[[0;32m  OK  [0m] Started LVM2 metadata daemon.
[   16.671698] systemd-journald[408]: Received request to flush runtime journal from PID 1
[   16.690162] iscsi: registered transport (iser)
[[0;32m  OK  [0m] Started Load Kernel Modules.
         Starting Apply Kernel Variables...
         Mounting FUSE Control File System...
         Mounting Kernel Configuration File System...
[[0;32m  OK  [0m] Mounted FUSE Control File System.
[[0;32m  OK  [0m] Mounted Kernel Configuration File System.
[[0;32m  OK  [0m] Started Monitoring of LVM2 mirrors,…sing dmeventd or progress polling.
[[0;32m  OK  [0m] Reached target Local File Systems (Pre).
[[0;32m  OK  [0m] Reached target Local File Systems.
         Starting Set console font and keymap...
         Starting AppArmor initialization...
         Starting Tell Plymouth To Write Out Runtime Data...
         Starting Commit a transient machine-id on disk...
         Starting ebtables ruleset management...
[[0;32m  OK  [0m] Started Apply Kernel Variables.
[[0;32m  OK  [0m] Started Set console font and keymap.
[[0;32m  OK  [0m] Started Tell Plymouth To Write Out Runtime Data.
[[0;32m  OK  [0m] Started udev Kernel Device Manager.
[[0;32m  OK  [0m] Started Dispatch Password Requests to Console Directory Watch.
[[0;32m  OK  [0m] Reached target Local Encrypted Volumes.
[[0;32m  OK  [0m] Started Commit a transient machine-id on disk.
[[0;32m  OK  [0m] Started Flush Journal to Persistent Storage.
         Starting Create Volatile Files and Directories...
[[0;32m  OK  [0m] Started Create Volatile Files and Directories.
         Starting Update UTMP about System Boot/Shutdown...
[[0;32m  OK  [0m] Started Update UTMP about System Boot/Shutdown.
[[0;32m  OK  [0m] Started ebtables ruleset management.
[[0;32m  OK  [0m] Found device /dev/ttyS0.
[[0;32m  OK  [0m] Listening on Load/Save RF Kill Switch Status /dev/rfkill Watch.
[[0;32m  OK  [0m] Started AppArmor initialization.
         Starting Load AppArmor profiles managed internally by snapd...
         Starting Initial cloud-init job (pre-networking)...
[[0;32m  OK  [0m] Started Load AppArmor profiles managed internally by snapd.
[   33.747281] cloud-init[574]: Cloud-init v. 21.1-19-gbad84ad4-0ubuntu1~18.04.2 running 'init-local' at Wed, 12 May 2021 18:04:39 +0000. Up 32.24 seconds.
[[0;32m  OK  [0m] Started Initial cloud-init job (pre-networking).
[[0;32m  OK  [0m] Reached target Network (Pre).
         Starting Network Service...
[[0;32m  OK  [0m] Started Network Service.
         Starting Network Name Resolution...
         Starting Wait for Network to be Configured...
[[0;32m  OK  [0m] Started Network Name Resolution.
[[0;32m  OK  [0m] Reached target Network.
[[0;32m  OK  [0m] Reached target Host and Network Name Lookups.
[[0;32m  OK  [0m] Started Wait for Network to be Configured.
         Starting Initial cloud-init job (metadata service crawler)...
[   36.629275] cloud-init[718]: Cloud-init v. 21.1-19-gbad84ad4-0ubuntu1~18.04.2 running 'init' at Wed, 12 May 2021 18:04:43 +0000. Up 36.15 seconds.
[   36.632281] cloud-init[718]: ci-info: ++++++++++++++++++++++++++++++++++++++Net device info+++++++++++++++++++++++++++++++++++++++
[   36.634911] cloud-init[718]: ci-info: +--------+-------+----------------------------+---------------+--------+-------------------+
[   36.637530] cloud-init[718]: ci-info: | Device |   Up  |          Address           |      Mask     | Scope  |     Hw-Address    |
[   36.640118] cloud-init[718]: ci-info: +--------+-------+----------------------------+---------------+--------+-------------------+
[   36.642810] cloud-init[718]: ci-info: | enp0s3 |  True |         10.0.2.15          | 255.255.255.0 | global | 02:d3:71:11:39:e1 |
[   36.645513] cloud-init[718]: ci-info: | enp0s3 |  True | fe80::d3:71ff:fe11:39e1/64 |       .       |  link  | 02:d3:71:11:39:e1 |
[   36.653415] cloud-init[718]: ci-info: | enp0s8 | False |             .              |       .       |   .    | 08:00:27:78:ba:c2 |
[   36.656038] cloud-init[718]: ci-info: |   lo   |  True |         127.0.0.1          |   255.0.0.0   |  host  |         .         |
[   36.658600] cloud-init[718]: ci-info: |   lo   |  True |          ::1/128           |       .       |  host  |         .         |
[   36.662017] cloud-init[718]: ci-info: +--------+-------+----------------------------+---------------+--------+-------------------+
[   36.665105] cloud-init[718]: ci-info: ++++++++++++++++++++++++++++Route IPv4 info+++++++++++++++++++++++++++++
[   36.667580] cloud-init[718]: ci-info: +-------+-------------+----------+-----------------+-----------+-------+
[   36.670103] cloud-init[718]: ci-info: | Route | Destination | Gateway  |     Genmask     | Interface | Flags |
[   36.672470] cloud-init[718]: ci-info: +-------+-------------+----------+-----------------+-----------+-------+
[   36.675411] cloud-init[718]: ci-info: |   0   |   0.0.0.0   | 10.0.2.2 |     0.0.0.0     |   enp0s3  |   UG  |
[   36.678029] cloud-init[718]: ci-info: |   1   |   10.0.2.0  | 0.0.0.0  |  255.255.255.0  |   enp0s3  |   U   |
[   36.680367] cloud-init[718]: ci-info: |   2   |   10.0.2.2  | 0.0.0.0  | 255.255.255.255 |   enp0s3  |   UH  |
[   36.682908] cloud-init[718]: ci-info: +-------+-------------+----------+-----------------+-----------+-------+
[   36.685544] cloud-init[718]: ci-info: +++++++++++++++++++Route IPv6 info+++++++++++++++++++
[   36.687872] cloud-init[718]: ci-info: +-------+-------------+---------+-----------+-------+
[   36.689937] cloud-init[718]: ci-info: | Route | Destination | Gateway | Interface | Flags |
[   36.691944] cloud-init[718]: ci-info: +-------+-------------+---------+-----------+-------+
[   36.694336] cloud-init[718]: ci-info: |   1   |  fe80::/64  |    ::   |   enp0s3  |   U   |
[   36.696730] cloud-init[718]: ci-info: |   3   |    local    |    ::   |   enp0s3  |   U   |
[   36.698867] cloud-init[718]: ci-info: |   4   |   ff00::/8  |    ::   |   enp0s3  |   U   |
[   36.701133] cloud-init[718]: ci-info: +-------+-------------+---------+-----------+-------+
[   41.277691] cloud-init[718]: Generating public/private rsa key pair.
[   41.279711] cloud-init[718]: Your identification has been saved in /etc/ssh/ssh_host_rsa_key.
[   41.282041] cloud-init[718]: Your public key has been saved in /etc/ssh/ssh_host_rsa_key.pub.
[   41.284469] cloud-init[718]: The key fingerprint is:
[   41.286031] cloud-init[718]: SHA256:nQSJu5DWIYcXbQz85Z+l1Ocze0iZb0ltY96BYl+fsiQ root@ubuntu-bionic
[   41.288361] cloud-init[718]: The key's randomart image is:
[   41.289985] cloud-init[718]: +---[RSA 2048]----+
[   41.291403] cloud-init[718]: |     oo*..       |
[   41.292899] cloud-init[718]: |    o * =..      |
[   41.294692] cloud-init[718]: |     * = o.  .   |
[   41.296565] cloud-init[718]: |    + o .o... o .|
[   41.298077] cloud-init[718]: |   . . .S oo +.=.|
[   41.299660] cloud-init[718]: |      .    o+.+O+|
[   41.301242] cloud-init[718]: |          .Eoo=+@|
[   41.302735] cloud-init[718]: |            oo.=*|
[   41.304269] cloud-init[718]: |             .o..|
[   41.306028] cloud-init[718]: +----[SHA256]-----+
[   41.307535] cloud-init[718]: Generating public/private dsa key pair.
[   41.309413] cloud-init[718]: Your identification has been saved in /etc/ssh/ssh_host_dsa_key.
[   41.311648] cloud-init[718]: Your public key has been saved in /etc/ssh/ssh_host_dsa_key.pub.
[   41.314079] cloud-init[718]: The key fingerprint is:
[   41.315711] cloud-init[718]: SHA256:uo4tfQ9tiahfRtkJvDERnb6z8NObc9jwn7bN5Wwf/AM root@ubuntu-bionic
[   41.318216] cloud-init[718]: The key's randomart image is:
[   41.319885] cloud-init[718]: +---[DSA 1024]----+
[   41.321392] cloud-init[718]: |        oo .     |
[   41.322877] cloud-init[718]: |       . .o      |
[   41.324485] cloud-init[718]: |        =.       |
[   41.325937] cloud-init[718]: |         B..     |
[   41.327386] cloud-init[718]: |        S o.     |
[   41.328891] cloud-init[718]: |       +.oo..E.  |
[   41.330413] cloud-init[718]: |     .o =o++ =.o.|
[   41.331914] cloud-init[718]: |    .+.+.o+ +.+*B|
[   41.333429] cloud-init[718]: |    o+=. ...o+.=%|
[   41.334915] cloud-init[718]: +----[SHA256]-----+
[   41.336487] cloud-init[718]: Generating public/private ecdsa key pair.
[   41.338442] cloud-init[718]: Your identification has been saved in /etc/ssh/ssh_host_ecdsa_key.
[   41.340882] cloud-init[718]: Your public key has been saved in /etc/ssh/ssh_host_ecdsa_key.pub.
[   41.343262] cloud-init[718]: The key fingerprint is:
[   41.344823] cloud-init[718]: SHA256:Kuq5rVWUPOMRHDSv+an8eTIWEtm9wQZsUMmpcznwT/Q root@ubuntu-bionic
[   41.347325] cloud-init[718]: The key's randomart image is:
[   41.349017] cloud-init[718]: +---[ECDSA 256]---+
[   41.350501] cloud-init[718]: |     o**.o       |
[   41.352143] cloud-init[718]: |     .o=B .      |
[   41.353790] cloud-init[718]: |      BB.* .     |
[   41.355161] cloud-init[718]: |     o=** * E    |
[   41.356714] cloud-init[718]: |      =+S= o     |
[   41.358231] cloud-init[718]: |     ..o..o      |
[   41.359738] cloud-init[718]: |    o ..o.       |
[   41.361293] cloud-init[718]: |   = o .+..      |
[   41.362869] cloud-init[718]: | .*o. ooo+       |
[   41.364328] cloud-init[718]: +----[SHA256]-----+
[   41.365849] cloud-init[718]: Generating public/private ed25519 key pair.
[   41.367762] cloud-init[718]: Your identification has been saved in /etc/ssh/ssh_host_ed25519_key.
[[0;32m  OK  [0m] Started Initial cloud-init job (metadata service crawler).
[   41.371289] cloud-init[[0;32m  OK  [0m] Reached target Network is Online.
[718]: Your public key has been saved in /etc/ssh/ssh_host_ed25519_key.pub.
[   41.375477] cloud-init[718]: The key fingerprint is:
[   41.377108] cloud-init[718]: SHA256:xUiOhXHmpT5K9aUH1c35x2KLQzBx/GuJF7382U9auB4 root@ubuntu-bionic
[   41.379448] cloud-init[718]: The key's randomart image is:
[   41.381181] cloud-init[718]: +--[ED25519 256]--+
[   41.382532] cloud-init[718]: |      .o= ooo. o.|
[   41.384104] cloud-init[718]: |      .O =oo. ..o|
[   41.385461] cloud-init[718]: |      . * +o.. o.|
[   41.386960] cloud-init[718]: |       o o +. = =|
[   41.388434] cloud-init[718]: |      . S o..+.*o|
[   41.389884] cloud-init[718]: |     . . . .+ *+ |
[   41.391316] cloud-init[718]: |      .      +E *|
[   41.392779] cloud-init[718]: |               Bo|
[   41.394342] cloud-init[718]: |             .+ o|
[   41.395824] cloud-init         Starting Availability of block devices...
[[0;32m  OK  [0m] Reached target Remote File Systems (Pre).
[[0;32m  OK  [0m] Reached target Remote File Systems.
[[0;32m  OK  [0m] Reached target Cloud-config availability.
[[0;32m  OK  [0m] Reached target System Initialization.
[[0;32m  OK  [0m] Started Daily Cleanup of Temporary Directories.
[718]: +----[SHA256]-----+
         Starting LXD - unix socket.
[[0;32m  OK  [0m] Listening on UUID daemon activation socket.
[[0;32m  OK  [0m] Listening on ACPID Listen Socket.
[[0;32m  OK  [0m] Started ACPI Events Check.
[[0;32m  OK  [0m] Started Message of the Day.
[[0;32m  OK  [0m] Listening on D-Bus System Message Bus Socket.
[[0;32m  OK  [0m] Listening on Open-iSCSI iscsid Socket.
[[0;32m  OK  [0m] Started Daily apt download activities.
[[0;32m  OK  [0m] Started Daily apt upgrade and clean activities.
[[0;32m  OK  [0m] Started Discard unused blocks once a week.
[[0;32m  OK  [0m] Reached target Timers.
[[0;32m  OK  [0m] Reached target Paths.
         Starting Socket activation for snappy daemon.
[[0;32m  OK  [0m] Started Availability of block devices.
[[0;32m  OK  [0m] Listening on LXD - unix socket.
[[0;32m  OK  [0m] Listening on Socket activation for snappy daemon.
[[0;32m  OK  [0m] Reached target Sockets.
[[0;32m  OK  [0m] Reached target Basic System.
[[0;32m  OK  [0m] Started D-Bus System Message Bus.
         Starting Pollinate to seed the pseudo random number generator...
[[0;32m  OK  [0m] Started Regular background program processing daemon.
[[0;32m  OK  [0m] Started irqbalance daemon.
         Starting Dispatcher daemon for systemd-networkd...
         Starting LSB: Record successful boot for GRUB...
         Starting Virtualbox guest utils...
[[0;32m  OK  [0m] Started Deferred execution scheduler.
         Starting Login Service...
         Starting System Logging Service...
         Starting Permit User Sessions...
         Starting LSB: automatic crash report generation...
         Starting Snap Daemon...
         Starting Accounts Service...
[[0;32m  OK  [0m] Started FUSE filesystem for LXC.
         Starting LXD - container startup/shutdown...
[[0;32m  OK  [0m] Started Permit User Sessions.
         Starting Terminate Plymouth Boot Screen...
         Starting Hold until boot process finishes up...
[[0;32m  OK  [0m] Started Terminate Plymouth Boot Screen.
[[0;32m  OK  [0m] Started Hold until boot process finishes up.
[[0;32m  OK  [0m] Started Serial Getty on ttyS0.
         Starting Set console scheme...
[[0;32m  OK  [0m] Started Set console scheme.
[[0;32m  OK  [0m] Created slice system-getty.slice.
[[0;32m  OK  [0m] Started Getty on tty1.
[[0;32m  OK  [0m] Reached target Login Prompts.
[[0;32m  OK  [0m] Started Login Service.
[[0;32m  OK  [0m] Started Unattended Upgrades Shutdown.
[[0;32m  OK  [0m] Started LSB: Record successful boot for GRUB.
[[0;32m  OK  [0m] Started LSB: automatic crash report generation.
         Starting Authorization Manager...
[[0;32m  OK  [0m] Started System Logging Service.
[[0;32m  OK  [0m] Started Authorization Manager.
[[0;32m  OK  [0m] Started Accounts Service.
[[0;32m  OK  [0m] Started Virtualbox guest utils.

Ubuntu 18.04.5 LTS ubuntu-bionic ttyS0

ubuntu-bionic login: [   67.108778] cloud-init[1373]: Cloud-init v. 21.1-19-gbad84ad4-0ubuntu1~18.04.2 running 'modules:config' at Wed, 12 May 2021 18:05:07 +0000. Up 60.13 seconds.
ci-info: no authorized SSH keys fingerprints found for user ubuntu.
<14>May 12 18:05:16 ec2: 
<14>May 12 18:05:16 ec2: #############################################################
<14>May 12 18:05:16 ec2: -----BEGIN SSH HOST KEY FINGERPRINTS-----
<14>May 12 18:05:16 ec2: 1024 SHA256:uo4tfQ9tiahfRtkJvDERnb6z8NObc9jwn7bN5Wwf/AM root@ubuntu-bionic (DSA)
<14>May 12 18:05:16 ec2: 256 SHA256:Kuq5rVWUPOMRHDSv+an8eTIWEtm9wQZsUMmpcznwT/Q root@ubuntu-bionic (ECDSA)
<14>May 12 18:05:16 ec2: 256 SHA256:xUiOhXHmpT5K9aUH1c35x2KLQzBx/GuJF7382U9auB4 root@ubuntu-bionic (ED25519)
<14>May 12 18:05:16 ec2: 2048 SHA256:nQSJu5DWIYcXbQz85Z+l1Ocze0iZb0ltY96BYl+fsiQ root@ubuntu-bionic (RSA)
<14>May 12 18:05:16 ec2: -----END SSH HOST KEY FINGERPRINTS-----
<14>May 12 18:05:16 ec2: #############################################################
-----BEGIN SSH HOST KEY KEYS-----
ecdsa-sha2-nistp256 AAAAE2VjZHNhLXNoYTItbmlzdHAyNTYAAAAIbmlzdHAyNTYAAABBBLlFUaQPNwY/z3TdLGnTp6N8idV1sHwHUnAqPyipzAQNSlCJxrfyB90WVyFry4ZGRjILnwSJLQneObolZ+foeEk= root@ubuntu-bionic
ssh-ed25519 AAAAC3NzaC1lZDI1NTE5AAAAIPSrdXqEY3vPHrsXGF8QYG8ftGNIuK3Q7uJ+FC7iVkaS root@ubuntu-bionic
ssh-rsa AAAAB3NzaC1yc2EAAAADAQABAAABAQDp41xn8uUzIn6G3Iyepz0Wcnol2oVg9s/e0+66pd8i27K40l8BObMS+M5spZWOS3QdOM3Eo3kVGqB0NxS7ttVsVxZsDO4d2fipT5tQpJfQ31eOfv/84adHA3dISd7hWqLej7j8rexnNnF/NUSxrUaNtNcgpK3fDSXGRE7Luy+KOPu+yljLIzZ1Kt1QpUeAtHLTlTTDhBhxIjrUIK4d+QVZ0W5yiQdgsK5XMX/Vfntujry9DeRhaBJCb2F+KkdKovhEHaarU2fXnI5RMEHmNBLnYcwJYhftFkpWf5vgP5NUXYQl7HaPezpE2fjNm4smGfy40S8/yTpeMsIFl+4YHY19 root@ubuntu-bionic
-----END SSH HOST KEY KEYS-----
[   69.634214] cloud-init[1633]: Cloud-init v. 21.1-19-gbad84ad4-0ubuntu1~18.04.2 running 'modules:final' at Wed, 12 May 2021 18:05:15 +0000. Up 68.41 seconds.
[   69.634397] cloud-init[1633]: ci-info: no authorized SSH keys fingerprints found for user ubuntu.
[   69.635192] cloud-init[1633]: Cloud-init v. 21.1-19-gbad84ad4-0ubuntu1~18.04.2 finished at Wed, 12 May 2021 18:05:16 +0000. Datasource DataSourceNoCloud [seed=/dev/sdb][dsmode=net].  Up 69.60 seconds
